0 info it worked if it ends with ok
1 verbose cli [ '/home/omgimanerd/.nvm/versions/node/v6.0.0/bin/node',
1 verbose cli   '/home/omgimanerd/.nvm/versions/node/v6.0.0/bin/npm',
1 verbose cli   'run',
1 verbose cli   'start' ]
2 info using npm@3.8.6
3 info using node@v6.0.0
4 verbose run-script [ 'prestart', 'start', 'poststart' ]
5 info lifecycle tankanarchy@2.0.0~prestart: tankanarchy@2.0.0
6 silly lifecycle tankanarchy@2.0.0~prestart: no script for prestart, continuing
7 info lifecycle tankanarchy@2.0.0~start: tankanarchy@2.0.0
8 verbose lifecycle tankanarchy@2.0.0~start: unsafe-perm in lifecycle true
9 verbose lifecycle tankanarchy@2.0.0~start: PATH: /home/omgimanerd/.nvm/versions/node/v6.0.0/lib/node_modules/npm/bin/node-gyp-bin:/home/omgimanerd/penumbragames/tankanarchy/node_modules/.bin:/home/omgimanerd/.nvm/versions/node/v6.0.0/bin:/home/omgimanerd/.nvm/versions/node/v6.0.0/bin:/usr/local/heroku/bin:/home/omgimanerd/experimental/script:/opt/android-sdk/build-tools:/opt/android-sdk/platform-tools:/opt/android-sdk/tools:/opt/android-sdk:/opt/android-studio/bin:/opt/arduino-1.6.8:/usr/local/sbin:/usr/local/bin:/usr/sbin:/usr/bin:/sbin:/bin:/usr/games:/usr/local/games
10 verbose lifecycle tankanarchy@2.0.0~start: CWD: /home/omgimanerd/penumbragames/tankanarchy
11 silly lifecycle tankanarchy@2.0.0~start: Args: [ '-c', 'node server.js' ]
12 silly lifecycle tankanarchy@2.0.0~start: Returned: code: 1  signal: null
13 info lifecycle tankanarchy@2.0.0~start: Failed to exec start script
14 verbose stack Error: tankanarchy@2.0.0 start: `node server.js`
14 verbose stack Exit status 1
14 verbose stack     at EventEmitter.<anonymous> (/home/omgimanerd/.nvm/versions/node/v6.0.0/lib/node_modules/npm/lib/utils/lifecycle.js:239:16)
14 verbose stack     at emitTwo (events.js:106:13)
14 verbose stack     at EventEmitter.emit (events.js:191:7)
14 verbose stack     at ChildProcess.<anonymous> (/home/omgimanerd/.nvm/versions/node/v6.0.0/lib/node_modules/npm/lib/utils/spawn.js:24:14)
14 verbose stack     at emitTwo (events.js:106:13)
14 verbose stack     at ChildProcess.emit (events.js:191:7)
14 verbose stack     at maybeClose (internal/child_process.js:850:16)
14 verbose stack     at Process.ChildProcess._handle.onexit (internal/child_process.js:215:5)
15 verbose pkgid tankanarchy@2.0.0
16 verbose cwd /home/omgimanerd/penumbragames/tankanarchy
17 error Linux 3.19.0-65-generic
18 error argv "/home/omgimanerd/.nvm/versions/node/v6.0.0/bin/node" "/home/omgimanerd/.nvm/versions/node/v6.0.0/bin/npm" "run" "start"
19 error node v6.0.0
20 error npm  v3.8.6
21 error code ELIFECYCLE
22 error tankanarchy@2.0.0 start: `node server.js`
22 error Exit status 1
23 error Failed at the tankanarchy@2.0.0 start script 'node server.js'.
23 error Make sure you have the latest version of node.js and npm installed.
23 error If you do, this is most likely a problem with the tankanarchy package,
23 error not with npm itself.
23 error Tell the author that this fails on your system:
23 error     node server.js
23 error You can get information on how to open an issue for this project with:
23 error     npm bugs tankanarchy
23 error Or if that isn't available, you can get their info via:
23 error     npm owner ls tankanarchy
23 error There is likely additional logging output above.
24 verbose exit [ 1, true ]
